============================================================
  Generated by:           Genus(TM) Synthesis Solution 17.22-s017_1
  Generated on:           Jan 06 2024  11:35:03 am
  Module:                 sort
  Operating conditions:   typical (balanced_tree)
  Wireload mode:          enclosed
  Area mode:              timing library
============================================================


Path 1: UNCONSTRAINED Setup Check with Pin out8_reg[1]/CK->SE
     Startpoint: (R) dat1_reg[1]/CK
       Endpoint: (R) out8_reg[1]/SE

                                     
          Setup:-     410            
      Data Path:-   58511            

#----------------------------------------------------------------------------------------
# Timing Point   Flags    Arc   Edge   Cell     Fanout Load Trans Delay Arrival Instance 
#                                                      (fF)  (ps)  (ps)   (ps)  Location 
#----------------------------------------------------------------------------------------
  dat1_reg[1]/CK -       -      R     (arrival)    128    -     0     -       0    (-,-) 
  dat1_reg[1]/Q  -       CK->Q  F     DFFX1         15 52.2   243   310     310    (-,-) 
  g61521/Y       -       A1->Y  R     OAI21XL        1  3.1   165   153     463    (-,-) 
  g61519/Y       -       B0->Y  F     OAI21XL        2  5.7   104    77     540    (-,-) 
  g61516/Y       -       A0N->Y F     AOI2BB1XL      1  3.3    80   159     699    (-,-) 
  g61514/Y       -       B0->Y  R     AOI21XL        2  5.1   180   116     815    (-,-) 
  g61511/Y       -       A1N->Y R     OAI2BB1XL      1  3.1    86   116     931    (-,-) 
  g61509/Y       -       B0->Y  F     OAI21XL        2  5.7    83    69    1000    (-,-) 
  g61508/Y       -       A0N->Y F     AOI2BB1XL      1  3.3    80   154    1153    (-,-) 
  g61507/Y       -       B0->Y  R     AOI21XL        2  5.1   180   116    1269    (-,-) 
  g61506/Y       -       A1N->Y R     OAI2BB1XL      1  3.1   105   116    1386    (-,-) 
  g61505/Y       -       B0->Y  F     OAI21XL        2  5.7   103    72    1457    (-,-) 
  g61504/Y       -       A0N->Y F     AOI2BB1XL      1  3.3    80   158    1616    (-,-) 
  g61503/Y       -       B0->Y  R     AOI21XL        1  3.3   151    98    1714    (-,-) 
  g61502/Y       -       B0->Y  F     AOI21XL        1  3.2    70    41    1755    (-,-) 
  g61501/Y       -       B0->Y  R     AOI2BB1XL      8 26.5   509   317    2072    (-,-) 
  g61500/Y       -       A->Y   F     INVXL          7 21.4   212   148    2220    (-,-) 
  g61498/Y       -       B1->Y  R     AOI22XL        2  5.7   223   212    2432    (-,-) 
  g61491/Y       -       A0->Y  F     AOI21XL        1  3.2    89    66    2498    (-,-) 
  g61490/Y       -       B0->Y  R     AOI2BB1XL      1  3.3   119    99    2597    (-,-) 
  g61489/Y       -       B0->Y  F     AOI21XL        1  3.2    89    41    2638    (-,-) 
  g61488/Y       -       B0->Y  R     AOI2BB1XL      1  3.6   124   102    2740    (-,-) 
  g61487/Y       -       B0->Y  F     OAI222XL       1  3.5   132   110    2850    (-,-) 
  g61486/Y       -       A0->Y  R     AOI22XL        2  5.7   221   140    2990    (-,-) 
  g61485/Y       -       A0->Y  F     AOI21XL        1  3.2    88    66    3056    (-,-) 
  g61484/Y       -       B0->Y  R     AOI2BB1XL      2  5.7   158   122    3178    (-,-) 
  g61483/Y       -       A0->Y  F     AOI21XL        1  3.2    78    62    3239    (-,-) 
  g61482/Y       -       B0->Y  R     AOI2BB1XL     11 35.5   661   403    3643    (-,-) 
  g61481/Y       -       A->Y   F     NOR2XL         8 26.3   271   187    3830    (-,-) 
  g61470/Y       -       C0->Y  R     AOI222XL       1  3.5   317   305    4135    (-,-) 
  g61468/Y       -       B0->Y  F     AOI222XL       1  3.2   162   113    4248    (-,-) 
  g61467/Y       -       B0->Y  R     AOI2BB1XL      2  7.2   187   148    4396    (-,-) 
  g61465/Y       -       A0->Y  F     OAI221XL       1  2.9   109    82    4479    (-,-) 
  g61464/Y       -       B->Y   R     NAND2XL        1  3.4    91    82    4561    (-,-) 
  g61463/Y       -       C0->Y  F     OAI221XL       1  3.4   123    76    4637    (-,-) 
  g61462/Y       -       B0->Y  R     AOI2BB2XL      2  5.7   186   143    4780    (-,-) 
  g61461/Y       -       A0->Y  F     AOI21XL        1  3.2    82    64    4844    (-,-) 
  g61460/Y       -       B0->Y  R     AOI2BB1XL     11 35.5   661   404    5248    (-,-) 
  g61457/Y       -       A->Y   F     NOR2XL         3  7.0   158    62    5309    (-,-) 
  g61455/Y       -       A->Y   F     AND2X1         7 24.6   134   216    5526    (-,-) 
  g61442/Y       -       A0->Y  R     AOI221XL       2  6.2   309   232    5757    (-,-) 
  g61438/Y       -       A0->Y  F     AOI22XL        1  3.3   111    57    5815    (-,-) 
  g61437/Y       -       B0->Y  R     AOI21XL        2  6.0   184   132    5946    (-,-) 
  g61436/Y       -       A0->Y  F     AOI22XL        1  3.2   109    53    5999    (-,-) 
  g61435/Y       -       B0->Y  R     AOI2BB1XL      2  6.0   164   128    6128    (-,-) 
  g61434/Y       -       A0->Y  F     AOI22XL        1  3.2   109    52    6180    (-,-) 
  g61433/Y       -       B0->Y  R     AOI2BB1XL      2  7.2   183   140    6319    (-,-) 
  g61431/Y       -       A0->Y  F     AOI221XL       1  3.6   129    82    6401    (-,-) 
  g61430/Y       -       B0->Y  R     AOI211XL       2  6.0   262   174    6575    (-,-) 
  g61429/Y       -       A0->Y  F     AOI22XL        1  3.2   109    55    6630    (-,-) 
  g61428/Y       -       B0->Y  R     AOI2BB1XL      1  3.3   119   102    6733    (-,-) 
  g61427/Y       -       B0->Y  F     AOI21XL        1  3.2    83    41    6774    (-,-) 
  g61426/Y       -       B0->Y  R     AOI2BB1XL     11 37.5   695   423    7197    (-,-) 
  g61424/Y       -       A->Y   F     NOR2XL         5 14.2   216   120    7317    (-,-) 
  g61422/Y       -       B->Y   R     NOR2BXL        8 26.5   506   339    7656    (-,-) 
  g61414/Y       -       A->Y   F     NOR3XL         6 22.0   276   161    7817    (-,-) 
  g61406__7675/Y -       C0->Y  R     AOI222XL       1  3.4   315   304    8121    (-,-) 
  g61397__4296/Y -       B0->Y  F     AOI2BB2XL      1  3.3   104    72    8194    (-,-) 
  g61395__1857/Y -       B0->Y  R     AOI21XL        2  5.6   178   126    8320    (-,-) 
  g61394__5019/Y -       B1->Y  F     AOI22XL        1  3.2   112    79    8399    (-,-) 
  g61393__1840/Y -       B0->Y  R     AOI2BB1XL      1  3.6   124   105    8505    (-,-) 
  g61392__7344/Y -       B0->Y  F     OAI222XL       1  3.5   125   110    8615    (-,-) 
  g61391__5795/Y -       A0->Y  R     AOI22XL        1  3.2   175   114    8730    (-,-) 
  g61390__2703/Y -       B0->Y  F     AOI2BB1XL      1  3.3    65    47    8777    (-,-) 
  g61389__6083/Y -       B0->Y  R     AOI21XL        2  5.7   179   118    8895    (-,-) 
  g61388__2250/Y -       A0->Y  F     AOI21XL        1  3.2    81    63    8958    (-,-) 
  g61387__5266/Y -       B0->Y  R     AOI2BB1XL     11 36.2   673   411    9369    (-,-) 
  g61383__5703/Y -       A->Y   F     NOR2XL         4  9.9   185    89    9458    (-,-) 
  g61382__7675/Y -       A->Y   R     NOR2XL         7 22.9   444   297    9755    (-,-) 
  g61367__8780/Y -       B1->Y  F     AOI22XL        1  3.2   146    93    9849    (-,-) 
  g61356__1786/Y -       B->Y   R     NAND3XL        2  6.5   167   127    9976    (-,-) 
  g61353__8757/Y -       A->Y   F     NOR2XL         1  3.2    57    40   10016    (-,-) 
  g61351__7675/Y -       B0->Y  R     AOI31XL        1  3.3   167   115   10131    (-,-) 
  g61350__2391/Y -       B0->Y  F     AOI21XL        1  3.2    79    41   10173    (-,-) 
  g61349__2900/Y -       B0->Y  R     AOI2BB1XL      1  3.3   118    97   10270    (-,-) 
  g61348__6877/Y -       B0->Y  F     AOI21XL        2  7.1   102    58   10327    (-,-) 
  g61346__2683/Y -       B0->Y  R     AOI32XL        1  3.7   216   137   10464    (-,-) 
  g61345__9682/Y -       A0->Y  F     OAI222XL       1  3.4   120   110   10575    (-,-) 
  g61344__4547/Y -       B0->Y  R     AOI2BB2XL      1  3.3   143   119   10693    (-,-) 
  g61343__1474/Y -       B0->Y  F     AOI21XL        1  3.3    78    42   10735    (-,-) 
  g61342__3772/Y -       B0->Y  R     AOI21XL        1  3.2   137    97   10832    (-,-) 
  g61341__4296/Y -       B0->Y  F     AOI2BB1XL     10 34.7   215   152   10985    (-,-) 
  g61337__8780/Y -       A->Y   R     NOR3XL         6 15.5   439   292   11276    (-,-) 
  g61784/Y       -       AN->Y  R     NOR2BX1        9 31.0   427   307   11583    (-,-) 
  g61333__7344/Y -       A->Y   F     NOR2XL         4 11.0   152   100   11683    (-,-) 
  g61329__2250/Y -       A->Y   F     AND2X1         7 24.3   132   214   11897    (-,-) 
  g61314__4547/Y -       C0->Y  R     AOI222XL       1  2.4   291   272   12169    (-,-) 
  g61306__5019/Y -       A->Y   R     AND3X1         2  6.0    93   166   12335    (-,-) 
  g61304__5795/Y -       B0->Y  F     AOI32XL        1  3.2   146    51   12386    (-,-) 
  g61302__6083/Y -       B0->Y  R     AOI2BB1XL      1  3.3   122   107   12493    (-,-) 
  g61301__2250/Y -       B0->Y  F     AOI21XL        1  3.2    70    41   12534    (-,-) 
  g61300__5266/Y -       B0->Y  R     AOI2BB1XL      1  3.3   117    96   12630    (-,-) 
  g61299__7114/Y -       B0->Y  F     AOI21XL        1  3.2   100    41   12671    (-,-) 
  g61298__5703/Y -       B0->Y  R     AOI2BB1XL      2  5.6   158   123   12794    (-,-) 
  g61297__5953/Y -       B1->Y  F     AOI22XL        1  3.2   101    78   12872    (-,-) 
  g61296__1786/Y -       B0->Y  R     AOI2BB1XL      2  6.0   163   127   12999    (-,-) 
  g61295__8757/Y -       B0->Y  F     AOI32XL        1  3.2   146    54   13053    (-,-) 
  g61294__7118/Y -       B0->Y  R     AOI2BB1XL      2  6.0   166   134   13187    (-,-) 
  g61293__7675/Y -       B0->Y  F     AOI32XL        1  3.2   146    54   13241    (-,-) 
  g61292__2391/Y -       B0->Y  R     AOI2BB1XL      2  5.7   162   131   13372    (-,-) 
  g61291__2900/Y -       A0->Y  F     AOI21XL        1  3.2    78    62   13434    (-,-) 
  g61290__6877/Y -       B0->Y  R     AOI2BB1XL     19 61.8  1106   653   14086    (-,-) 
  g61288__2683/Y -       A->Y   F     NOR2XL         6 18.2   311   148   14234    (-,-) 
  g61287/Y       -       A->Y   R     INVXL          5 16.0   225   203   14437    (-,-) 
  g61273__1840/Y -       A0->Y  F     AOI21XL        1  3.3   115    67   14504    (-,-) 
  g61272__5795/Y -       A->Y   R     NOR2XL         3  9.9   239   156   14660    (-,-) 
  g61271/Y       -       A->Y   F     INVXL          3 10.8   106    77   14738    (-,-) 
  g61267__5266/Y -       A->Y   R     NOR3XL        16 54.4  1280   742   15480    (-,-) 
  g61264/Y       -       A->Y   F     INVXL          8 24.8   367   182   15662    (-,-) 
  g61244__2250/Y -       B1->Y  R     AOI22XL       13 43.9   868   603   16265    (-,-) 
  g61145__7675/Y -       A1->Y  F     OAI21XL        2  6.4   192    81   16346    (-,-) 
  g61134__1309/Y -       A0->Y  R     OAI21XL        1  3.1   163   142   16488    (-,-) 
  g61131__4547/Y -       B1->Y  F     AOI22XL        1  3.3   185    79   16567    (-,-) 
  g61129__3772/Y -       B0->Y  R     AOI21XL        2  5.1   177   141   16708    (-,-) 
  g61128__4296/Y -       A1N->Y R     OAI2BB1XL      1  3.1   123   116   16824    (-,-) 
  g61127__8780/Y -       B0->Y  F     OAI21XL        2  6.0   177    75   16899    (-,-) 
  g61126__9906/Y -       A->Y   F     OR2X1          1  3.1    59   168   17067    (-,-) 
  g61125__1857/Y -       B1->Y  R     AOI22XL        2  5.1   225   178   17245    (-,-) 
  g61124__5019/Y -       A1N->Y R     OAI2BB1XL      1  3.1   125   119   17364    (-,-) 
  g61123__1840/Y -       B0->Y  F     OAI21XL        1  3.5   152    63   17427    (-,-) 
  g61122__7344/Y -       A0->Y  R     AOI22XL       11 37.2   754   445   17871    (-,-) 
  g61121/Y       -       A->Y   F     INVXL          4 12.7   209   102   17973    (-,-) 
  g61119__6083/Y -       A0->Y  R     OAI22XL        2  5.7   288   149   18122    (-,-) 
  g61112__1786/Y -       A0N->Y R     AOI2BB1XL      1  3.3   126   133   18256    (-,-) 
  g61111__8757/Y -       B0->Y  F     AOI21XL        2  7.0   153    58   18313    (-,-) 
  g61110__7118/Y -       A0->Y  R     AOI22XL        1  3.1   187   120   18433    (-,-) 
  g61109__7675/Y -       B0->Y  F     OAI21XL        1  3.1   141    65   18498    (-,-) 
  g61108__2391/Y -       B0->Y  R     OAI21XL        2  6.2   210   103   18601    (-,-) 
  g61107__2900/Y -       A0N->Y R     AOI2BB1XL      1  3.5   129   132   18733    (-,-) 
  g61106__6877/Y -       C0->Y  F     AOI221XL       1  3.6   186    52   18786    (-,-) 
  g61105__1309/Y -       B0->Y  R     OAI2BB2XL      2  5.1   197   161   18946    (-,-) 
  g61104__2683/Y -       A0->Y  F     OAI21XL        1  2.6    93    50   18997    (-,-) 
  g61103__9682/Y -       B0->Y  R     OAI2BB1XL      9 30.1   391   245   19242    (-,-) 
  g61101__4547/Y -       B->Y   F     NAND2XL        8 27.4   314   171   19413    (-,-) 
  g61099__3772/Y -       B->Y   R     NAND2XL        6 22.2   307   258   19670    (-,-) 
  g61096__9906/Y -       A0->Y  F     OAI222XL       2  7.0   222   137   19807    (-,-) 
  g61091__5795/Y -       A->Y   R     NOR2XL         1  3.6   149   119   19926    (-,-) 
  g61087__5266/Y -       B0->Y  F     AOI211XL       1  3.5   101    49   19975    (-,-) 
  g61086__7114/Y -       C0->Y  R     AOI221XL       1  3.5   258   146   20121    (-,-) 
  g61085__5703/Y -       A0->Y  F     OAI21XL        1  3.4    86    54   20176    (-,-) 
  g61084__5953/Y -       C0->Y  R     OAI221XL       1  3.4   296    82   20257    (-,-) 
  g61083__1786/Y -       B0->Y  F     AOI2BB2XL      1  3.3   101    71   20329    (-,-) 
  g61082__8757/Y -       B0->Y  R     AOI21XL        2  6.0   199   129   20458    (-,-) 
  g61081/Y       -       A->Y   F     INVXL          8 28.7   186   140   20598    (-,-) 
  g61079__7675/Y -       B->Y   R     NAND2XL        4 12.3   197   160   20758    (-,-) 
  g61078__2900/Y -       B->Y   F     NOR2XL         2  5.8    94    64   20822    (-,-) 
  g61076/Y       -       A->Y   R     INVXL          6 21.5   270   177   20999    (-,-) 
  g61067__4296/Y -       C1->Y  F     OAI222XL       1  3.3   164   111   21110    (-,-) 
  g61060__5795/Y -       A->Y   R     NOR2XL         2  5.1   168   122   21232    (-,-) 
  g61058__6083/Y -       A1N->Y R     OAI2BB1XL      1  3.1    93   116   21348    (-,-) 
  g61057__2250/Y -       B0->Y  F     OAI21XL        1  3.1    68    58   21406    (-,-) 
  g61056__5266/Y -       B0->Y  R     OAI21XL        1  3.4   182    68   21474    (-,-) 
  g61055__7114/Y -       B0->Y  F     AOI2BB2XL      1  3.3    83    64   21538    (-,-) 
  g61054__5703/Y -       B0->Y  R     AOI21XL        2  5.1   189   116   21654    (-,-) 
  g61053__5953/Y -       A1N->Y R     OAI2BB1XL      1  3.1    95   117   21771    (-,-) 
  g61052__1786/Y -       B0->Y  F     OAI21XL        2  5.6    85    70   21841    (-,-) 
  g61051__8757/Y -       A->Y   F     OR2X1          1  3.5    60   145   21986    (-,-) 
  g61050__7118/Y -       A0->Y  R     AOI22XL        1  3.2   175    99   22086    (-,-) 
  g61049__7675/Y -       B0->Y  F     AOI2BB1XL      1  3.3    67    47   22133    (-,-) 
  g61048__2391/Y -       B0->Y  R     AOI21XL        1  3.2   159    95   22228    (-,-) 
  g61047__2900/Y -       B0->Y  F     AOI2BB1XL      1  3.3    67    47   22274    (-,-) 
  g61046__6877/Y -       B0->Y  R     AOI21XL        2  6.0   199   121   22396    (-,-) 
  g61045/Y       -       A->Y   F     INVXL          9 30.4   194   146   22542    (-,-) 
  g61042__9682/Y -       B->Y   R     NAND2XL        2  5.9   128   119   22661    (-,-) 
  g61041/Y       -       A->Y   F     INVXL          4 11.2    84    70   22730    (-,-) 
  g61040__1474/Y -       B->Y   R     NAND2XL        7 24.7   328   209   22940    (-,-) 
  g61032__1840/Y -       B0->Y  F     OAI22XL        1  3.3   125    76   23016    (-,-) 
  g61019__7114/Y -       B->Y   R     NOR3XL         2  5.8   239   177   23192    (-,-) 
  g61018__8757/Y -       A1N->Y R     OAI2BB2XL      1  3.1   167   123   23316    (-,-) 
  g61017__7118/Y -       B0->Y  F     OAI21XL        2  5.0    90    73   23389    (-,-) 
  g61016__7675/Y -       A0->Y  R     OAI22XL        1  2.6   212    92   23481    (-,-) 
  g61015__2391/Y -       B0->Y  F     OAI2BB1XL      2  6.3    86    59   23540    (-,-) 
  g61013__6877/Y -       A0->Y  R     OAI22XL        1  3.4   227    99   23639    (-,-) 
  g61012__1309/Y -       B0->Y  F     AOI2BB2XL      1  3.3    90    67   23706    (-,-) 
  g61011__2683/Y -       B0->Y  R     AOI21XL        1  3.2   157   100   23806    (-,-) 
  g61010__9682/Y -       B0->Y  F     AOI2BB1XL      1  3.3    67    47   23852    (-,-) 
  g61009__4547/Y -       B0->Y  R     AOI21XL        1  3.2   157    94   23947    (-,-) 
  g61008__1474/Y -       B0->Y  F     AOI2BB1XL      1  3.3    67    47   23994    (-,-) 
  g61007__3772/Y -       B0->Y  R     AOI21XL        1  3.2   157    94   24088    (-,-) 
  g61006__4296/Y -       B0->Y  F     AOI2BB1XL      1  3.3    67    47   24135    (-,-) 
  g61005__8780/Y -       B0->Y  R     AOI21XL        3  9.3   250   153   24288    (-,-) 
  g61004/Y       -       A->Y   F     INVXL          8 27.9   190   146   24434    (-,-) 
  g61002__5019/Y -       B->Y   R     NAND2XL        4 11.8   191   158   24592    (-,-) 
  g61783/Y       -       B->Y   F     NOR2BX1        3  9.1    86    66   24658    (-,-) 
  g60993__2703/Y -       A->Y   R     NOR2XL         2  6.2   165   114   24772    (-,-) 
  g60987__1786/Y -       A->Y   F     NOR2XL         5 17.1   174   102   24874    (-,-) 
  g60984/Y       -       A->Y   R     INVXL          3 10.5   156   130   25004    (-,-) 
  g60979__1474/Y -       C1->Y  F     OAI222XL       1  2.9   156    95   25098    (-,-) 
  g60969__9906/Y -       A->Y   F     OR3XL          2  6.0    88   209   25308    (-,-) 
  g60967__1840/Y -       A0->Y  R     AOI211XL       1  3.2   210   164   25472    (-,-) 
  g60966__7344/Y -       B0->Y  F     AOI2BB1XL      1  3.5    72    50   25522    (-,-) 
  g60965__5795/Y -       C1->Y  R     OAI222XL       1  2.6   353   118   25639    (-,-) 
  g60964__2703/Y -       B0->Y  F     OAI2BB1XL      1  3.1    86    40   25679    (-,-) 
  g60963__6083/Y -       B0->Y  R     OAI21XL        1  2.6   162    68   25746    (-,-) 
  g60962__2250/Y -       B0->Y  F     OAI2BB1XL      2  5.1    75    52   25798    (-,-) 
  g60961__5266/Y -       A0->Y  R     OAI21XL        1  2.6   162   109   25907    (-,-) 
  g60960__7114/Y -       B0->Y  F     OAI2BB1XL      2  5.1    75    52   25959    (-,-) 
  g60959__5703/Y -       B0->Y  R     OAI32XL        1  2.6   294    91   26050    (-,-) 
  g60958__5953/Y -       B0->Y  F     OAI2BB1XL      1  3.1    78    40   26090    (-,-) 
  g60957__1786/Y -       B0->Y  R     OAI21XL        1  2.6   162    66   26156    (-,-) 
  g60956__8757/Y -       B0->Y  F     OAI2BB1XL     18 59.4   420   276   26432    (-,-) 
  g60955/Y       -       A->Y   R     INVXL          9 31.3   391   328   26760    (-,-) 
  g60954__7675/Y -       A->Y   F     NOR2XL         5 15.1   165   121   26881    (-,-) 
  g60953/Y       -       A->Y   R     INVXL          5 14.4   196   152   27033    (-,-) 
  g60940__8780/Y -       B->Y   F     NAND3XL        9 30.6   281   194   27227    (-,-) 
  g60916__5953/Y -       A->Y   R     NAND3XL       16 53.4   696   446   27673    (-,-) 
  g60911/Y       -       A->Y   F     INVXL          8 28.0   278   188   27862    (-,-) 
  g60882__7344/Y -       B0->Y  R     OAI22XL        8 27.8   639   421   28283    (-,-) 
  g60872/Y       -       A->Y   F     INVXL          1  3.1   115    18   28300    (-,-) 
  g60836__2683/Y -       B1->Y  R     AOI22XL        2  5.1   222   190   28490    (-,-) 
  g60827__1474/Y -       A1N->Y R     OAI2BB1XL      1  3.1   121   119   28609    (-,-) 
  g60825__4296/Y -       B0->Y  F     OAI21XL        2  6.0   154    74   28683    (-,-) 
  g60823__8780/Y -       A->Y   F     OR2X1          1  3.1    56   162   28844    (-,-) 
  g60822__9906/Y -       B1->Y  R     AOI22XL        2  5.1   208   177   29022    (-,-) 
  g60821__1857/Y -       A1N->Y R     OAI2BB1XL      1  3.1   122   118   29140    (-,-) 
  g60820__5019/Y -       B0->Y  F     OAI21XL        2  5.6   150    73   29212    (-,-) 
  g60819__1840/Y -       A->Y   F     OR2X1          1  3.5    57   162   29374    (-,-) 
  g60818__7344/Y -       A0->Y  R     AOI22XL        2  5.1   221   117   29491    (-,-) 
  g60817__5795/Y -       A1N->Y R     OAI2BB1XL      1  3.1   103   119   29610    (-,-) 
  g60816__2703/Y -       B0->Y  F     OAI21XL        1  2.6    82    58   29667    (-,-) 
  g60815__6083/Y -       B0->Y  R     OAI2BB1XL      1  3.1    88    74   29741    (-,-) 
  g60814__2250/Y -       B0->Y  F     OAI21XL        7 23.7   219   146   29887    (-,-) 
  g60812__5266/Y -       A0->Y  R     AOI22XL        2  5.7   231   162   30049    (-,-) 
  g60806__7118/Y -       A0->Y  F     AOI21XL        1  3.2   137    66   30115    (-,-) 
  g60805__7675/Y -       B0->Y  R     AOI2BB1XL      1  3.3   123   106   30221    (-,-) 
  g60804__2391/Y -       B0->Y  F     AOI21XL        1  3.2   130    41   30262    (-,-) 
  g60803__2900/Y -       B0->Y  R     AOI2BB1XL      1  3.2   121   104   30366    (-,-) 
  g60802__6877/Y -       B0->Y  F     AOI2BB1XL      1  3.3    64    46   30412    (-,-) 
  g60801__1309/Y -       B0->Y  R     AOI21XL        1  3.3   143    95   30507    (-,-) 
  g60800__2683/Y -       B0->Y  F     AOI21XL        1  3.2   130    41   30548    (-,-) 
  g60799__9682/Y -       B0->Y  R     AOI2BB1XL      1  3.3   123   105   30653    (-,-) 
  g60798__4547/Y -       B0->Y  F     AOI21XL        1  3.2   130    41   30694    (-,-) 
  g60797__1474/Y -       B0->Y  R     AOI2BB1XL      1  3.2   121   104   30798    (-,-) 
  g60796__3772/Y -       B0->Y  F     AOI2BB1XL      1  3.3    64    46   30844    (-,-) 
  g60795__4296/Y -       B0->Y  R     AOI21XL        1  3.3   142    95   30939    (-,-) 
  g60794__8780/Y -       B0->Y  F     AOI21XL        1  3.2   107    41   30980    (-,-) 
  g60793__9906/Y -       B0->Y  R     AOI2BB1XL      8 27.0   518   328   31308    (-,-) 
  g60792/Y       -       A->Y   F     INVXL          2  6.5   127    54   31361    (-,-) 
  g60791__5019/Y -       B->Y   R     NAND2XL        6 19.4   269   188   31549    (-,-) 
  g60790/Y       -       A->Y   F     INVXL          5 17.5   146   109   31658    (-,-) 
  g60786__6083/Y -       B1->Y  R     AOI22XL        1  2.9   179   174   31832    (-,-) 
  g60780__5703/Y -       B->Y   F     NAND2XL        2  6.0   127    56   31888    (-,-) 
  g60775__7118/Y -       A0N->Y F     AOI2BB1XL      1  3.6    90   166   32054    (-,-) 
  g60774__7675/Y -       B0->Y  R     AOI211XL       1  3.3   204   132   32186    (-,-) 
  g60773__2391/Y -       B0->Y  F     AOI21XL        2  5.5   135    54   32240    (-,-) 
  g60772__2900/Y -       A->Y   F     AND2X1         1  3.7    54   141   32381    (-,-) 
  g60771__6877/Y -       A0->Y  R     OAI221XL       1  3.4   283   138   32519    (-,-) 
  g60770__1309/Y -       C0->Y  F     OAI221XL       1  3.1   148    94   32612    (-,-) 
  g60769__2683/Y -       B1->Y  R     AOI22XL        1  3.3   185   178   32790    (-,-) 
  g60768__9682/Y -       B0->Y  F     AOI21XL        1  3.2   106    42   32832    (-,-) 
  g60767__4547/Y -       B0->Y  R     AOI2BB1XL      8 26.6   511   324   33155    (-,-) 
  g60763__3772/Y -       A->Y   F     NOR2XL         3  9.2   153    85   33241    (-,-) 
  g60762__4296/Y -       AN->Y  F     NOR2BXL        7 24.5   189   211   33451    (-,-) 
  g60747__7114/Y -       C0->Y  R     AOI222XL       1  2.9   306   286   33737    (-,-) 
  g60744__7118/Y -       B->Y   F     NAND2XL        2  5.9   118    57   33794    (-,-) 
  g60743__7675/Y -       A0N->Y F     AOI2BB2XL      1  3.3    84   171   33966    (-,-) 
  g60742__2391/Y -       B0->Y  R     AOI21XL        2  6.0   185   125   34091    (-,-) 
  g60741__2900/Y -       A0->Y  F     AOI22XL        1  3.2   123    53   34144    (-,-) 
  g60740__6877/Y -       B0->Y  R     AOI2BB1XL      1  3.2   120   103   34247    (-,-) 
  g60739__1309/Y -       B0->Y  F     AOI2BB1XL      1  3.3    64    46   34293    (-,-) 
  g60738__2683/Y -       B0->Y  R     AOI21XL        1  3.2   137    94   34386    (-,-) 
  g60737__9682/Y -       B0->Y  F     AOI2BB1XL      1  3.3    63    46   34433    (-,-) 
  g60736__4547/Y -       B0->Y  R     AOI21XL        1  3.2   137    94   34526    (-,-) 
  g60735__1474/Y -       B0->Y  F     AOI2BB1XL      1  3.3    63    46   34573    (-,-) 
  g60734__3772/Y -       B0->Y  R     AOI21XL        1  3.2   137    94   34666    (-,-) 
  g60733__4296/Y -       B0->Y  F     AOI2BB1XL      1  3.3    64    46   34712    (-,-) 
  g60732__8780/Y -       B0->Y  R     AOI21XL        1  3.3   139    95   34807    (-,-) 
  g60731__9906/Y -       B0->Y  F     AOI21XL        1  3.2   106    41   34848    (-,-) 
  g60730__1857/Y -       B0->Y  R     AOI2BB1XL     10 31.9   600   374   35223    (-,-) 
  g60727__1840/Y -       B0->Y  F     AOI21XL        4 12.3   203   108   35330    (-,-) 
  g60723__2703/Y -       B->Y   R     NAND2XL        4 12.5   200   166   35496    (-,-) 
  g60721/Y       -       A->Y   F     INVXL          5 17.5   131   100   35596    (-,-) 
  g60706__1309/Y -       C0->Y  R     AOI222XL       1  2.9   305   278   35874    (-,-) 
  g60703__2683/Y -       B->Y   F     NAND2XL        2  6.2   110    59   35933    (-,-) 
  g60701__3772/Y -       A0N->Y F     AOI2BB2XL      1  2.3    98   164   36097    (-,-) 
  g60700__4296/Y -       A1N->Y F     OAI2BB2XL      1  3.2   103   127   36224    (-,-) 
  g60699__8780/Y -       B0->Y  R     AOI31XL        2  5.6   207   148   36372    (-,-) 
  g60698__9906/Y -       B1->Y  F     AOI22XL        1  3.2   148    81   36454    (-,-) 
  g60697__1857/Y -       B0->Y  R     AOI2BB1XL      2  6.0   167   134   36588    (-,-) 
  g60696__5019/Y -       A0->Y  F     AOI22XL        1  3.2   126    52   36640    (-,-) 
  g60695__1840/Y -       B0->Y  R     AOI2BB1XL      2  6.0   165   131   36771    (-,-) 
  g60694__7344/Y -       A0->Y  F     AOI22XL        1  3.2   126    52   36823    (-,-) 
  g60693__5795/Y -       B0->Y  R     AOI2BB1XL      1  3.3   120   104   36928    (-,-) 
  g60692__2703/Y -       B0->Y  F     AOI21XL        1  3.2   106    41   36969    (-,-) 
  g60691__6083/Y -       B0->Y  R     AOI2BB1XL      1  3.3   120   102   37070    (-,-) 
  g60690__2250/Y -       B0->Y  F     AOI21XL        1  3.2   103    41   37111    (-,-) 
  g60689__5266/Y -       B0->Y  R     AOI2BB1XL     21 72.1  1280   755   37866    (-,-) 
  g61779/Y       -       B->Y   F     NOR2BX1       16 49.5   442   289   38155    (-,-) 
  g60684/Y       -       A->Y   R     INVXL          8 28.0   359   314   38468    (-,-) 
  g60662__7118/Y -       A0->Y  F     AOI22XL        6 19.5   325   158   38626    (-,-) 
  g60618__2703/Y -       A->Y   R     NOR2XL         2  7.0   193   179   38805    (-,-) 
  g60585__5019/Y -       A0->Y  F     OAI21XL        2  5.1   158    64   38869    (-,-) 
  g60573__5266/Y -       A0->Y  R     OAI21XL        1  2.6   153   129   38997    (-,-) 
  g60571__7114/Y -       B0->Y  F     OAI2BB1XL      2  5.7    76    55   39052    (-,-) 
  g60570__5703/Y -       A0N->Y F     AOI2BB1XL      1  3.3   118   152   39205    (-,-) 
  g60569__5953/Y -       B0->Y  R     AOI21XL        2  5.1   175   125   39329    (-,-) 
  g60568__1786/Y -       A1N->Y R     OAI2BB1XL      1  3.1    90   116   39446    (-,-) 
  g60567__8757/Y -       B0->Y  F     OAI21XL        2  6.0    91    71   39516    (-,-) 
  g60566__7118/Y -       A->Y   F     OR2X1          1  3.1    58   145   39661    (-,-) 
  g60565__7675/Y -       B1->Y  R     AOI22XL        2  5.1   217   178   39839    (-,-) 
  g60564__2391/Y -       A1N->Y R     OAI2BB1XL      1  3.1   109   119   39958    (-,-) 
  g60563__2900/Y -       B0->Y  F     OAI21XL        2  5.7   160    72   40030    (-,-) 
  g60562__6877/Y -       A0N->Y F     AOI2BB1XL      1  3.3   110   174   40203    (-,-) 
  g60561__1309/Y -       B0->Y  R     AOI21XL        8 25.7   519   319   40522    (-,-) 
  g60560/Y       -       A->Y   F     INVXL          6 21.0   212   147   40669    (-,-) 
  g60559__2683/Y -       A0->Y  R     AOI22XL        2  6.2   232   165   40834    (-,-) 
  g60550__1857/Y -       C0->Y  F     AOI222XL       1  3.3   177   119   40952    (-,-) 
  g60549__5019/Y -       B0->Y  R     AOI21XL        1  3.6   156   124   41077    (-,-) 
  g60548__1840/Y -       B0->Y  F     OAI221XL       1  3.4   150    90   41167    (-,-) 
  g60547__7344/Y -       C0->Y  R     OAI221XL       1  3.4   292    96   41263    (-,-) 
  g60546__5795/Y -       B0->Y  F     AOI2BB2XL      1  3.3   100    71   41334    (-,-) 
  g60545__2703/Y -       B0->Y  R     AOI21XL        1  3.2   156   102   41436    (-,-) 
  g60544__6083/Y -       B0->Y  F     AOI2BB1XL      1  3.3    66    47   41483    (-,-) 
  g60543__2250/Y -       B0->Y  R     AOI21XL        6 18.5   398   241   41724    (-,-) 
  g60542/Y       -       A->Y   F     INVXL          6 20.7   188   141   41865    (-,-) 
  g60541__5266/Y -       B->Y   R     NAND2XL        8 26.6   352   249   42114    (-,-) 
  g60540/Y       -       A->Y   F     INVXL          4 13.8   146   102   42216    (-,-) 
  g60539__7114/Y -       A->Y   R     NOR2XL         4 13.4   287   197   42413    (-,-) 
  g60538/Y       -       A->Y   F     INVXL          4 14.8   136    99   42512    (-,-) 
  g60536__5953/Y -       A0->Y  R     OAI222XL       2  6.8   422   218   42730    (-,-) 
  g60529__2391/Y -       B1->Y  F     AOI22XL        1  3.4   154    95   42825    (-,-) 
  g60526__1309/Y -       C0->Y  R     OAI221XL       1  3.4   288    97   42922    (-,-) 
  g60525__2683/Y -       C0->Y  F     OAI221XL       1  3.4   134    96   43018    (-,-) 
  g60524__9682/Y -       C0->Y  R     OAI221XL       1  3.4   286    93   43110    (-,-) 
  g60523__4547/Y -       C0->Y  F     OAI221XL       1  3.2   134    94   43205    (-,-) 
  g60522__1474/Y -       A0->Y  R     AOI21XL        1  3.3   142   121   43326    (-,-) 
  g60521__3772/Y -       B0->Y  F     AOI21XL        1  3.2   119    41   43367    (-,-) 
  g60520__4296/Y -       B0->Y  R     AOI2BB1XL      1  3.3   120   104   43470    (-,-) 
  g60519__8780/Y -       B0->Y  F     AOI21XL        8 27.0   240   128   43598    (-,-) 
  g60515__9906/Y -       A->Y   R     NOR2XL         4 11.6   260   205   43804    (-,-) 
  g60514/Y       -       A->Y   F     INVXL          2  6.5    86    53   43857    (-,-) 
  g60512__1840/Y -       A->Y   R     NOR2XL         6 19.4   387   240   44096    (-,-) 
  g60506__5266/Y -       C0->Y  F     AOI222XL       1  3.4   207   144   44240    (-,-) 
  g60500__7118/Y -       C0->Y  R     OAI221XL       1  3.4   292   109   44349    (-,-) 
  g60499__7675/Y -       C0->Y  F     OAI221XL       1  2.6   123    92   44440    (-,-) 
  g60498__2391/Y -       B0->Y  R     OAI2BB1XL      2  5.1   114    96   44536    (-,-) 
  g60497__2900/Y -       A0->Y  F     OAI21XL        1  2.6    93    51   44588    (-,-) 
  g60496__6877/Y -       B0->Y  R     OAI2BB1XL      2  5.1   111    89   44677    (-,-) 
  g60495__1309/Y -       A0->Y  F     OAI21XL        1  2.6    94    51   44728    (-,-) 
  g60494__2683/Y -       B0->Y  R     OAI2BB1XL      2  5.1   111    89   44818    (-,-) 
  g60493__9682/Y -       A0->Y  F     OAI21XL        1  2.6    93    51   44869    (-,-) 
  g60492__4547/Y -       B0->Y  R     OAI2BB1XL      1  3.1    89    76   44945    (-,-) 
  g60491__1474/Y -       B0->Y  F     OAI21XL        1  2.6    94    55   45001    (-,-) 
  g60490__3772/Y -       B0->Y  R     OAI2BB1XL      1  3.1    89    77   45077    (-,-) 
  g60489__4296/Y -       B0->Y  F     OAI21XL        1  2.6    92    55   45133    (-,-) 
  g60488__8780/Y -       B0->Y  R     OAI2BB1XL     19 64.9   785   462   45595    (-,-) 
  g60486__9906/Y -       B0->Y  F     OAI21XL        3  9.3   222   133   45728    (-,-) 
  g60479__2703/Y -       A->Y   R     NOR2XL        13 43.4   790   500   46227    (-,-) 
  g60475/Y       -       A->Y   F     INVXL         13 45.8   383   284   46511    (-,-) 
  g60463__2391/Y -       B->Y   R     NAND3XL       13 45.5   606   435   46946    (-,-) 
  g60459/Y       -       A->Y   F     INVXL         11 37.5   301   228   47173    (-,-) 
  g60442__6083/Y -       A0->Y  R     OAI22XL        5 15.7   443   270   47444    (-,-) 
  g60411__9682/Y -       A1->Y  F     AOI21XL        2  5.4   128    81   47524    (-,-) 
  g60396__7344/Y -       A->Y   F     AND2X1         1  3.6    55   139   47664    (-,-) 
  g60391__2703/Y -       B0->Y  R     OAI222XL       1  3.4   361   207   47871    (-,-) 
  g60390__6083/Y -       C0->Y  F     OAI221XL       1  3.5   141   104   47974    (-,-) 
  g60389__2250/Y -       A0->Y  R     AOI22XL        2  5.7   219   142   48117    (-,-) 
  g60388__5266/Y -       A0->Y  F     AOI21XL        1  3.2   120    66   48182    (-,-) 
  g60387__7114/Y -       B0->Y  R     AOI2BB1XL      2  5.1   151   121   48303    (-,-) 
  g60386__5703/Y -       A1N->Y R     OAI2BB1XL      1  3.1   105   115   48418    (-,-) 
  g60385__5953/Y -       B0->Y  F     OAI21XL       10 32.9   287   188   48606    (-,-) 
  g60384/Y       -       A->Y   R     INVXL          5 16.1   224   197   48802    (-,-) 
  g60379__7675/Y -       B1->Y  F     AOI22XL        2  6.6   192    99   48902    (-,-) 
  g60378__2391/Y -       A0->Y  R     OAI22XL        1  3.3   234   121   49023    (-,-) 
  g60377__2900/Y -       B0->Y  F     AOI21XL        1  3.3   153    43   49066    (-,-) 
  g60376__6877/Y -       B0->Y  R     AOI21XL        2  7.1   211   153   49218    (-,-) 
  g60374__2683/Y -       B0->Y  F     OAI222XL       1  4.6   200   119   49337    (-,-) 
  g2/Y           -       B1->Y  R     AOI2BB2X1      1  3.3   130   133   49471    (-,-) 
  g60372__4547/Y -       B0->Y  F     AOI21XL        1  3.2   115    41   49512    (-,-) 
  g60371__1474/Y -       B0->Y  R     AOI2BB1XL      1  3.3   121   103   49615    (-,-) 
  g60370__3772/Y -       B0->Y  F     AOI21XL        1  3.2   115    41   49656    (-,-) 
  g60369__4296/Y -       B0->Y  R     AOI2BB1XL      1  3.3   121   103   49759    (-,-) 
  g60368__8780/Y -       B0->Y  F     AOI21XL        1  3.2   104    41   49800    (-,-) 
  g60367__9906/Y -       B0->Y  R     AOI2BB1XL      8 27.4   524   331   50131    (-,-) 
  g60366/Y       -       A->Y   F     INVXL          2  6.6   129    54   50185    (-,-) 
  g60365__5019/Y -       B->Y   R     NAND2XL        3  9.0   161   123   50308    (-,-) 
  g60364/Y       -       A->Y   F     INVXL          6 21.2   141   109   50417    (-,-) 
  g60355__7114/Y -       C0->Y  R     AOI222XL       2  7.1   399   334   50750    (-,-) 
  g60348__7675/Y -       B0->Y  F     OAI221XL       1  3.5   122    94   50844    (-,-) 
  g60347__2391/Y -       A0->Y  R     AOI211XL       1  3.6   212   174   51019    (-,-) 
  g60346__2900/Y -       B0->Y  F     OAI222XL       1  3.5   151   114   51132    (-,-) 
  g60345__6877/Y -       A0->Y  R     AOI22XL        2  5.1   208   139   51271    (-,-) 
  g60344__1309/Y -       A1N->Y R     OAI2BB1XL      1  3.1    88   118   51390    (-,-) 
  g60343__2683/Y -       B0->Y  F     OAI21XL       10 33.6   290   187   51577    (-,-) 
  g60342/Y       -       A->Y   R     INVXL         17 53.5   632   430   52006    (-,-) 
  g60341__4547/Y -       A->Y   F     NOR2XL         3  9.4   174    85   52091    (-,-) 
  g60321__7344/Y -       A->Y   R     NOR3XL        16 52.0  1228   728   52819    (-,-) 
  g60316/Y       -       A->Y   F     INVXL          8 28.0   377   203   53022    (-,-) 
  g60304__4296/Y -       A0->Y  R     AOI22XL        4 12.8   343   272   53294    (-,-) 
  g60291__5266/Y -       B->Y   F     NOR2XL         2  7.0   119    81   53375    (-,-) 
  g60277__7118/Y -       A0->Y  R     OAI21XL        2  5.1   198   143   53518    (-,-) 
  g60274__2391/Y -       A0->Y  F     OAI21XL        1  2.6   102    50   53568    (-,-) 
  g60273__2900/Y -       B0->Y  R     OAI2BB1XL      2  5.6   117    95   53663    (-,-) 
  g60272__6877/Y -       A->Y   R     OR2X1          1  3.5    68    93   53756    (-,-) 
  g60271__1309/Y -       A0->Y  F     AOI22XL        2  5.1   160    54   53810    (-,-) 
  g60270__2683/Y -       A1N->Y F     OAI2BB1XL      1  3.1    85   139   53949    (-,-) 
  g60269__9682/Y -       B0->Y  R     OAI21XL        2  5.7   209    87   54036    (-,-) 
  g60268__4547/Y -       A0N->Y R     AOI2BB1XL      1  3.3   132   130   54166    (-,-) 
  g60267__1474/Y -       B0->Y  F     AOI21XL        2  5.1   119    50   54215    (-,-) 
  g60266__3772/Y -       A1N->Y F     OAI2BB1XL      1  3.1    85   129   54344    (-,-) 
  g60265__4296/Y -       B0->Y  R     OAI21XL        1  3.1   167    70   54415    (-,-) 
  g60264__8780/Y -       B1->Y  F     AOI22XL        8 26.3   249   178   54593    (-,-) 
  g60263/Y       -       A->Y   R     INVXL          6 21.1   273   218   54811    (-,-) 
  g60258__7344/Y -       B0->Y  F     OAI22XL        2  5.1   150    84   54896    (-,-) 
  g60256__2703/Y -       A0->Y  R     OAI21XL        1  2.6   156   127   55022    (-,-) 
  g60255__6083/Y -       B0->Y  F     OAI2BB1XL      2  5.1    73    52   55074    (-,-) 
  g60254__2250/Y -       C1->Y  R     OAI222XL       1  2.6   349   118   55192    (-,-) 
  g60253__5266/Y -       B0->Y  F     OAI2BB1XL      2  6.0   104    59   55251    (-,-) 
  g60252__7114/Y -       A->Y   F     OR2X1          1  3.5    58   150   55401    (-,-) 
  g60251__5703/Y -       C0->Y  R     AOI222XL       1  3.6   321   275   55676    (-,-) 
  g60250__5953/Y -       B0->Y  F     OAI2BB2XL      2  5.1    95    64   55741    (-,-) 
  g60249__1786/Y -       A0->Y  R     OAI21XL        1  2.6   156   113   55854    (-,-) 
  g60248__8757/Y -       B0->Y  F     OAI2BB1XL     18 60.5   428   279   56133    (-,-) 
  g60246__7118/Y -       B->Y   R     NAND2XL       17 58.7   714   513   56647    (-,-) 
  g60245/Y       -       A->Y   F     INVXL          8 28.0   282   189   56836    (-,-) 
  g60227__1857/Y -       B0->Y  R     OAI22XL        4 10.4   348   259   57095    (-,-) 
  g60213__7675/Y -       A0->Y  F     OAI21XL        1  3.1    98    52   57147    (-,-) 
  g60202__2900/Y -       B1->Y  R     AOI22XL        1  3.5   185   171   57318    (-,-) 
  g60201__6877/Y -       A0->Y  F     AOI211XL       2  5.1   108    83   57402    (-,-) 
  g60200__1309/Y -       A1N->Y F     OAI2BB1XL      1  3.1    77   126   57528    (-,-) 
  g60199__2683/Y -       B0->Y  R     OAI21XL        1  3.5   169    71   57599    (-,-) 
  g60198__9682/Y -       A0->Y  F     AOI22XL        2  5.7   143    65   57664    (-,-) 
  g60196__1474/Y -       A0N->Y F     AOI2BB1XL      2  5.1    74   178   57842    (-,-) 
  g60194__8780/Y -       A0->Y  R     OAI21XL       15 61.5  1145   669   58511    (-,-) 
  out8_reg[1]/SE -       -      R     SDFFHQX1      15    -     -     0   58511    (-,-) 
#----------------------------------------------------------------------------------------

